{"hash":"fklvHzLf","url":"url"}
{"hash":"DqqEOKq5","url":"url"}
{"hash":"DqqEOKq5","url":"url2"}
{"hash":"mHzYX50M","url":"url"}
{"hash":"8KsrNAfv","url":"url"}
{"hash":"8KsrNAfv","url":"url2"}
{"hash":"lWQnomBK","url":"url"}
{"hash":"iwrQU8M3","url":"url"}
{"hash":"iwrQU8M3","url":"url2"}
{"hash":"WjiEkdog","url":"url"}
{"hash":"SlySRVTk","url":"url"}
{"hash":"SlySRVTk","url":"url2"}
{"hash":"HT2CpUN0","url":"url"}
{"hash":"yZGLz1Io","url":"url"}
{"hash":"yZGLz1Io","url":"url2"}
{"hash":"DA3LeWdz","url":"url"}
{"hash":"K8WfjXzN","url":"url"}
{"hash":"K8WfjXzN","url":"url2"}
{"hash":"q7OHkohM","url":"url"}
{"hash":"YAT5Qbxj","url":"url"}
{"hash":"YAT5Qbxj","url":"url2"}
{"hash":"1aTbFd7Q","url":"url"}
{"hash":"cpM9eumw","url":"url"}
{"hash":"cpM9eumw","url":"url2"}
{"hash":"wWWoTcmq","url":"url"}
{"hash":"chKtU3u0","url":"url"}
{"hash":"chKtU3u0","url":"url2"}
{"hash":"C30Nut2F","url":"url"}
{"hash":"124EXevQ","url":"url"}
{"hash":"124EXevQ","url":"url2"}
{"hash":"aFya9M3u","url":"url"}
{"hash":"CpdSxj4W","url":"url"}
{"hash":"CpdSxj4W","url":"url2"}
{"hash":"YbORYnOm","url":"url"}
{"hash":"4Eyg0Z43","url":"url"}
{"hash":"4Eyg0Z43","url":"url2"}
{"hash":"E871c43e","url":"url"}
{"hash":"ZrdLAf1s","url":"url"}
{"hash":"ZrdLAf1s","url":"url2"}
{"hash":"KsuWlKxI","url":"url"}
{"hash":"oRpEt1Rt","url":"url"}
{"hash":"oRpEt1Rt","url":"url2"}
{"hash":"P4mi6jNF","url":"url"}
{"hash":"x6iwJw8Q","url":"url"}
{"hash":"x6iwJw8Q","url":"url2"}
